# JRE version: OpenJDK Runtime Environment Corretto-11.0.10.9.1 (11.0.10+9) (build 11.0.10+9-LTS)
# Java VM: OpenJDK 64-Bit Server VM Corretto-11.0.10.9.1 (11.0.10+9-LTS, mixed mode, tiered, compressed oops, g1 gc, windows-amd64)
Heap:
 garbage-first heap   total 202752K, used 199257K [0x0000000083800000, 0x0000000100000000)
  region size 1024K, 2 young (2048K), 1 survivors (1024K)
 Metaspace       used 18744K, capacity 19243K, committed 19328K, reserved 1067008K
  class space    used 2183K, capacity 2400K, committed 2432K, reserved 1048576K
GC Heap History (20 events):
Event: 3.512 GC heap before
{Heap before GC invocations=9 (full 0):
 garbage-first heap   total 129024K, used 111108K [0x0000000083800000, 0x0000000100000000)
  region size 1024K, 3 young (3072K), 1 survivors (1024K)
 Metaspace       used 18479K, capacity 18984K, committed 19328K, reserved 1067008K
  class space    used 2132K, capacity 2335K, committed 2432K, reserved 1048576K
}
Event: 3.513 GC heap after
{Heap after GC invocations=10 (full 0):
 garbage-first heap   total 129024K, used 111147K [0x0000000083800000, 0x0000000100000000)
  region size 1024K, 1 young (1024K), 1 survivors (1024K)
 Metaspace       used 18479K, capacity 18984K, committed 19328K, reserved 1067008K
  class space    used 2132K, capacity 2335K, committed 2432K, reserved 1048576K
}
Event: 3.951 GC heap before
{Heap before GC invocations=11 (full 0):
 garbage-first heap   total 129024K, used 125483K [0x0000000083800000, 0x0000000100000000)
  region size 1024K, 4 young (4096K), 1 survivors (1024K)
 Metaspace       used 18738K, capacity 19243K, committed 19328K, reserved 1067008K
  class space    used 2183K, capacity 2400K, committed 2432K, reserved 1048576K
}
Event: 3.952 GC heap after
{Heap after GC invocations=12 (full 0):
 garbage-first heap   total 129024K, used 123417K [0x0000000083800000, 0x0000000100000000)
  region size 1024K, 1 young (1024K), 1 survivors (1024K)
 Metaspace       used 18738K, capacity 19243K, committed 19328K, reserved 1067008K
  class space    used 2183K, capacity 2400K, committed 2432K, reserved 1048576K
}
Event: 3.998 GC heap before
{Heap before GC invocations=13 (full 0):
 garbage-first heap   total 129024K, used 124441K [0x0000000083800000, 0x0000000100000000)
  region size 1024K, 2 young (2048K), 1 survivors (1024K)
 Metaspace       used 18744K, capacity 19243K, committed 19328K, reserved 1067008K
  class space    used 2183K, capacity 2400K, committed 2432K, reserved 1048576K
}
Event: 3.999 GC heap after
{Heap after GC invocations=14 (full 0):
 garbage-first heap   total 129024K, used 124430K [0x0000000083800000, 0x0000000100000000)
  region size 1024K, 1 young (1024K), 1 survivors (1024K)
 Metaspace       used 18744K, capacity 19243K, committed 19328K, reserved 1067008K
  class space    used 2183K, capacity 2400K, committed 2432K, reserved 1048576K
}
Event: 4.014 GC heap before
{Heap before GC invocations=14 (full 0):
 garbage-first heap   total 143360K, used 140814K [0x0000000083800000, 0x0000000100000000)
  region size 1024K, 2 young (2048K), 1 survivors (1024K)
 Metaspace       used 18744K, capacity 19243K, committed 19328K, reserved 1067008K
  class space    used 2183K, capacity 2400K, committed 2432K, reserved 1048576K
}
Event: 4.014 GC heap after
{Heap after GC invocations=15 (full 0):
 garbage-first heap   total 144384K, used 140886K [0x0000000083800000, 0x0000000100000000)
  region size 1024K, 1 young (1024K), 1 survivors (1024K)
 Metaspace       used 18744K, capacity 19243K, committed 19328K, reserved 1067008K
  class space    used 2183K, capacity 2400K, committed 2432K, reserved 1048576K
}
Event: 4.020 GC heap before
{Heap before GC invocations=16 (full 0):
 garbage-first heap   total 146432K, used 143958K [0x0000000083800000, 0x0000000100000000)
  region size 1024K, 2 young (2048K), 1 survivors (1024K)
 Metaspace       used 18744K, capacity 19243K, committed 19328K, reserved 1067008K
  class space    used 2183K, capacity 2400K, committed 2432K, reserved 1048576K
}
Event: 4.021 GC heap after
{Heap after GC invocations=17 (full 0):
 garbage-first heap   total 147456K, used 143980K [0x0000000083800000, 0x0000000100000000)
  region size 1024K, 1 young (1024K), 1 survivors (1024K)
 Metaspace       used 18744K, capacity 19243K, committed 19328K, reserved 1067008K
  class space    used 2183K, capacity 2400K, committed 2432K, reserved 1048576K
}
Event: 4.037 GC heap before
{Heap before GC invocations=17 (full 0):
 garbage-first heap   total 159744K, used 157292K [0x0000000083800000, 0x0000000100000000)
  region size 1024K, 2 young (2048K), 1 survivors (1024K)
 Metaspace       used 18744K, capacity 19243K, committed 19328K, reserved 1067008K
  class space    used 2183K, capacity 2400K, committed 2432K, reserved 1048576K
}
Event: 4.038 GC heap after
{Heap after GC invocations=18 (full 0):
 garbage-first heap   total 160768K, used 157214K [0x0000000083800000, 0x0000000100000000)
  region size 1024K, 1 young (1024K), 1 survivors (1024K)
 Metaspace       used 18744K, capacity 19243K, committed 19328K, reserved 1067008K
  class space    used 2183K, capacity 2400K, committed 2432K, reserved 1048576K
}
Event: 4.040 GC heap before
{Heap before GC invocations=19 (full 0):
 garbage-first heap   total 161792K, used 159262K [0x0000000083800000, 0x0000000100000000)
  region size 1024K, 2 young (2048K), 1 survivors (1024K)
 Metaspace       used 18744K, capacity 19243K, committed 19328K, reserved 1067008K
  class space    used 2183K, capacity 2400K, committed 2432K, reserved 1048576K
}
Event: 4.042 GC heap after
{Heap after GC invocations=20 (full 0):
 garbage-first heap   total 195584K, used 159267K [0x0000000083800000, 0x0000000100000000)
  region size 1024K, 1 young (1024K), 1 survivors (1024K)
 Metaspace       used 18744K, capacity 19243K, committed 19328K, reserved 1067008K
  class space    used 2183K, capacity 2400K, committed 2432K, reserved 1048576K
}
Event: 4.061 GC heap before
{Heap before GC invocations=21 (full 0):
 garbage-first heap   total 195584K, used 180771K [0x0000000083800000, 0x0000000100000000)
  region size 1024K, 3 young (3072K), 1 survivors (1024K)
 Metaspace       used 18744K, capacity 19243K, committed 19328K, reserved 1067008K
  class space    used 2183K, capacity 2400K, committed 2432K, reserved 1048576K
}
Event: 4.062 GC heap after
{Heap after GC invocations=22 (full 0):
 garbage-first heap   total 195584K, used 179760K [0x0000000083800000, 0x0000000100000000)
  region size 1024K, 1 young (1024K), 1 survivors (1024K)
 Metaspace       used 18744K, capacity 19243K, committed 19328K, reserved 1067008K
  class space    used 2183K, capacity 2400K, committed 2432K, reserved 1048576K
}
Event: 4.079 GC heap before
{Heap before GC invocations=22 (full 0):
 garbage-first heap   total 196608K, used 195120K [0x0000000083800000, 0x0000000100000000)
  region size 1024K, 2 young (2048K), 1 survivors (1024K)
 Metaspace       used 18744K, capacity 19243K, committed 19328K, reserved 1067008K
  class space    used 2183K, capacity 2400K, committed 2432K, reserved 1048576K
}
Event: 4.080 GC heap after
{Heap after GC invocations=23 (full 0):
 garbage-first heap   total 197632K, used 194079K [0x0000000083800000, 0x0000000100000000)
  region size 1024K, 1 young (1024K), 1 survivors (1024K)
 Metaspace       used 18744K, capacity 19243K, committed 19328K, reserved 1067008K
  class space    used 2183K, capacity 2400K, committed 2432K, reserved 1048576K
}
Event: 4.083 GC heap before
{Heap before GC invocations=24 (full 0):
 garbage-first heap   total 198656K, used 196127K [0x0000000083800000, 0x0000000100000000)
  region size 1024K, 2 young (2048K), 1 survivors (1024K)
 Metaspace       used 18744K, capacity 19243K, committed 19328K, reserved 1067008K
  class space    used 2183K, capacity 2400K, committed 2432K, reserved 1048576K
}
Event: 4.084 GC heap after
{Heap after GC invocations=25 (full 0):
 garbage-first heap   total 199680K, used 196185K [0x0000000083800000, 0x0000000100000000)
  region size 1024K, 1 young (1024K), 1 survivors (1024K)
 Metaspace       used 18744K, capacity 19243K, committed 19328K, reserved 1067008K
  class space    used 2183K, capacity 2400K, committed 2432K, reserved 1048576K
}

